[0m[[0m[0mdebug[0m] [0m[0mRunning TaskDef(CheckerSuite, org.scalatest.tools.Framework$$anon$1@5cdc8119, false, [SuiteSelector])[0m
[0m[[0m[0minfo[0m] [0m[0m[36mRun completed in 416 milliseconds.[0m[0m
[0m[[0m[0minfo[0m] [0m[0m[36mTotal number of tests run: 14[0m[0m
[0m[[0m[0minfo[0m] [0m[0m[36mSuites: completed 1, aborted 0[0m[0m
[0m[[0m[0minfo[0m] [0m[0m[36mTests: succeeded 13, failed 1, canceled 0, ignored 0, pending 0[0m[0m
[0m[[0m[0minfo[0m] [0m[0m[31m*** 1 TEST FAILED ***[0m[0m
[0m[[0m[31merror[0m] [0m[0mFailed tests:[0m
[0m[[0m[31merror[0m] [0m[0m	CheckerSuite[0m
[0m[[0m[31merror[0m] [0m[0m(test:[31mtestOnly[0m) sbt.TestsFailedException: Tests unsuccessful[0m
